<?xml version="1.0" encoding="UTF-8"?>
<!-- Generated by org.testng.reporters.JUnitXMLReporter -->
<testsuite hostname="DESKTOP-5EIVUBN" ignored="0" name="Dresses Below $28 " tests="2" failures="0" timestamp="06 Mar 2020 08:46:45 GMT" time="13.037" errors="0">
  <testcase name="homepageautomationpractice" time="0.124" classname="com.uthej.testcases.AutomationPractice"/>
  <testcase name="enterNameSearchBox" time="0.528" classname="com.uthej.testcases.AutomationPractice"/>
</testsuite> <!-- Dresses Below $28  -->
