<?xml version="1.0" encoding="UTF-8"?>
<testng-results skipped="0" failed="0" ignored="0" total="2" passed="2">
  <reporter-output>
  </reporter-output>
  <suite name="Automation test Report" duration-ms="13037" started-at="2020-03-06T08:46:32Z" finished-at="2020-03-06T08:46:45Z">
    <groups>
    </groups>
    <test name="Dresses Below $28 " duration-ms="13037" started-at="2020-03-06T08:46:32Z" finished-at="2020-03-06T08:46:45Z">
      <class name="com.uthej.testcases.AutomationPractice">
        <test-method status="PASS" signature="setUp()[pri:0, instance:com.uthej.testcases.AutomationPractice@68c4039c]" name="setUp" is-config="true" duration-ms="11004" started-at="2020-03-06T14:16:32Z" finished-at="2020-03-06T14:16:43Z">
          <reporter-output>
          </reporter-output>
        </test-method> <!-- setUp -->
        <test-method status="PASS" signature="homepageautomationpractice()[pri:1, instance:com.uthej.testcases.AutomationPractice@68c4039c]" name="homepageautomationpractice" duration-ms="124" started-at="2020-03-06T14:16:43Z" finished-at="2020-03-06T14:16:43Z">
          <reporter-output>
          </reporter-output>
        </test-method> <!-- homepageautomationpractice -->
        <test-method status="PASS" signature="enterNameSearchBox()[pri:2, instance:com.uthej.testcases.AutomationPractice@68c4039c]" name="enterNameSearchBox" duration-ms="528" started-at="2020-03-06T14:16:43Z" finished-at="2020-03-06T14:16:44Z">
          <reporter-output>
          </reporter-output>
        </test-method> <!-- enterNameSearchBox -->
        <test-method status="PASS" signature="tearDown()[pri:0, instance:com.uthej.testcases.AutomationPractice@68c4039c]" name="tearDown" is-config="true" duration-ms="1351" started-at="2020-03-06T14:16:44Z" finished-at="2020-03-06T14:16:45Z">
          <reporter-output>
          </reporter-output>
        </test-method> <!-- tearDown -->
      </class> <!-- com.uthej.testcases.AutomationPractice -->
    </test> <!-- Dresses Below $28  -->
  </suite> <!-- Automation test Report -->
</testng-results>
